2024-03-23 14:20:06,832 | ERROR | Line #1+1: Invalid expression
2024-03-23 14:20:17,647 | ERROR | Line #-: Invalid expression
2024-03-23 14:21:00,499 | ERROR | Line #*: Invalid expression
2024-03-23 14:21:17,943 | ERROR | Line #*: Invalid expression
2024-03-23 14:32:40,422 | DEBUG | Invalid record format: ['Date,Athlete ID,Location,Type']
2024-03-23 14:32:40,422 | DEBUG | Invalid record format: ['01/01/2023 09:00:00,10012,Center,Out']
2024-03-23 14:32:40,422 | DEBUG | Invalid record format: ['01/01/2023 09:00:00,10001,Pool-1,Out']
2024-03-23 14:32:40,422 | DEBUG | Invalid record format: ['01/01/2023 09:00:00,10001,Pool-1,Out']
2024-03-23 14:32:40,422 | DEBUG | Invalid record format: ['01/01/2023 09:00:00,10011,Pool-2,In']
2024-03-23 14:32:40,422 | DEBUG | Invalid record format: ['01/01/2023 12:14:59,10011,Pool-1,In']
2024-03-23 14:32:40,422 | DEBUG | Invalid record format: ['01/01/2023 12:44:59,10011,Pool-2,Out']
2024-03-23 14:32:40,422 | DEBUG | Invalid record format: ['01/01/2023 12:14:59,10013,Center,Out']
2024-03-23 14:32:40,422 | DEBUG | Invalid record format: ['01/01/2023 12:14:59,10019,Pool-2,In']
2024-03-23 14:32:40,422 | DEBUG | Invalid record format: ['01/01/2023 16:14:59,10018,Pool-1,Out']
2024-03-23 14:32:40,422 | DEBUG | Invalid record format: ['01/01/2023 16:14:59,10020,Pool-2,Out']
2024-03-23 14:32:40,423 | DEBUG | Invalid record format: ['01/01/2023 16:14:59,10011,Pool-2,In']
2024-03-23 14:32:40,423 | DEBUG | Invalid record format: ['01/01/2023 18:39:55,10011,Center,In']
2024-03-23 14:32:40,423 | DEBUG | Invalid record format: ['01/01/2023 19:09:55,10011,Pool-2,Out']
2024-03-23 14:32:40,423 | DEBUG | Invalid record format: ['01/01/2023 18:39:55,10017,Pool-2,In']
2024-03-23 14:32:40,423 | DEBUG | Invalid record format: ['01/01/2023 20:41:40,10017,Center,In']
2024-03-23 14:32:40,423 | DEBUG | Invalid record format: ['01/01/2023 21:11:40,10017,Pool-2,Out']
